<?xml version="1.0" encoding="UTF-8"?>
<!-- Generated by org.testng.reporters.JUnitXMLReporter -->
<testsuite hostname="lp-bnandigatti7" name="Default test" tests="1" failures="0" timestamp="10 Dec 2014 09:31:00 GMT" time="83.427" errors="0">
  <testcase name="@BeforeTest setUrl" time="0.0" classname="testngpackage.TestNGFile">
    <failure type="org.openqa.selenium.WebDriverException" message="Failed to connect to binary FirefoxBinary(C:\Program Files\Mozilla Firefox\firefox.exe) on port 7055; process output follows: 
418203815510	addons.xpi	DEBUG	Skipping unavailable install location app-system-local
1418203815511	addons.xpi	DEBUG	Skipping unavailable install location app-system-share
1418203815516	addons.xpi	INFO	Mapping {82AF8DCA-6DE9-405D-BD5E-43525BDAD38A} to C:\Program Files\Mozilla Firefox\browser\extensions\{82AF8DCA-6DE9-405D-BD5E-43525BDAD38A}.xpi
1418203815518	addons.xpi	INFO	Mapping {972ce4c6-7e08-4474-a285-3208198ce6fd} to C:\Program Files\Mozilla Firefox\browser\extensions\{972ce4c6-7e08-4474-a285-3208198ce6fd}
1418203815520	addons.xpi	INFO	Mapping wcapturex@deskperience.com to C:\Program Files\WordWeb\WCaptureMoz
1418203815530	addons.xpi	INFO	Mapping fxdriver@googlecode.com to C:\Users\BNANDI~1\AppData\Local\Temp\anonymous964142854978380406webdriver-profile\extensions\fxdriver@googlecode.com
1418203815532	addons.xpi	DEBUG	Ignoring file entry whose name is not a valid add-on ID: C:\Users\BNANDI~1\AppData\Local\Temp\anonymous964142854978380406webdriver-profile\extensions\webdriver-staging
1418203815533	addons.xpi	DEBUG	checkForChanges
1418203815821	addons.xpi	DEBUG	No changes found
1418203815835	addons.xpi	DEBUG	Registering manifest for C:\Program Files\Mozilla Firefox\browser\extensions\{82AF8DCA-6DE9-405D-BD5E-43525BDAD38A}.xpi
1418203815839	addons.xpi	DEBUG	Loading bootstrap scope from C:\Program Files\Mozilla Firefox\browser\extensions\{82AF8DCA-6DE9-405D-BD5E-43525BDAD38A}.xpi
1418203815864	addons.xpi	DEBUG	Calling bootstrap method startup on {82AF8DCA-6DE9-405D-BD5E-43525BDAD38A} version 7.3.16540.9015
1418203815988	addons.manager	DEBUG	Registering shutdown blocker for XPIProvider
1418203815990	addons.manager	DEBUG	Registering shutdown blocker for LightweightThemeManager
1418203815993	addons.manager	DEBUG	Registering shutdown blocker for OpenH264Provider
1418203815994	addons.manager	DEBUG	Registering shutdown blocker for PluginProvider
*** Blocklist::_preloadBlocklistFile: blocklist is disabled
1418203820729	addons.manager	DEBUG	Registering shutdown blocker for &amp;lt;unnamed-provider&amp;gt;
console.error: skype_ff_extension: 
  DEPRECATED: The widget module is deprecated.  Please consider using the sdk/ui module instead.
Traceback (most recent call last):
  File &amp;quot;resource://gre/modules/commonjs/sdk/addon/runner.js&amp;quot;, line 81, in startup/&amp;lt;/&amp;lt;
    run(options);
  File &amp;quot;resource://gre/modules/commonjs/sdk/addon/runner.js&amp;quot;, line 138, in run
    let program = main(options.loader, options.main);
  File &amp;quot;resource://gre/modules/commonjs/toolkit/loader.js&amp;quot;, line 679, in main
    return loader.load(loader, module).exports;
  File &amp;quot;resource://gre/modules/commonjs/sdk/loader/cuddlefish.js&amp;quot;, line 129, in CuddlefishLoader/options&amp;lt;.load
    result = load(loader, module);
  File &amp;quot;resource://gre/modules/commonjs/toolkit/loader.js&amp;quot;, line 313, in load
    evaluate(sandbox, module.uri);
  File &amp;quot;resource://gre/modules/commonjs/toolkit/loader.js&amp;quot;, line 262, in evaluate
    : loadSubScript(uri, sandbox, encoding);
  File &amp;quot;resource://skype_ff_extension-at-jetpack/skype_ff_extension/lib/main.js&amp;quot;, line 14, in null
    var widgets = require(&amp;quot;sdk/widget&amp;quot;);
  File &amp;quot;resource://gre/modules/commonjs/toolkit/loader.js&amp;quot;, line 586, in require
    freeze(load(loader, module));
  File &amp;quot;resource://gre/modules/commonjs/sdk/loader/cuddlefish.js&amp;quot;, line 129, in CuddlefishLoader/options&amp;lt;.load
    result = load(loader, module);
  File &amp;quot;resource://gre/modules/commonjs/toolkit/loader.js&amp;quot;, line 313, in load
    evaluate(sandbox, module.uri);
  File &amp;quot;resource://gre/modules/commonjs/toolkit/loader.js&amp;quot;, line 262, in evaluate
    : loadSubScript(uri, sandbox, encoding);
  File &amp;quot;resource://gre/modules/commonjs/sdk/widget.js&amp;quot;, line 59, in null
    require(&amp;quot;./util/deprecate&amp;quot;).deprecateUsage(
  File &amp;quot;resource://gre/modules/commonjs/sdk/util/deprecate.js&amp;quot;, line 18, in deprecateUsage
    let stack = get().slice(2);
JavaScript error: resource://skype_ff_extension-at-jetpack/skype_ff_extension/data/c2c_options_menu_localization.js, line 189: document.getElementById(...) is null
*** Blocklist::_loadBlocklistFromFile: blocklist is disabled

Build info: version: &amp;apos;2.35.0&amp;apos;, revision: &amp;apos;8df0c6b&amp;apos;, time: &amp;apos;2013-08-12 15:43:19&amp;apos;
System info: os.name: &amp;apos;Windows 7&amp;apos;, os.arch: &amp;apos;x86&amp;apos;, os.version: &amp;apos;6.1&amp;apos;, java.version: &amp;apos;1.6.0_45&amp;apos;
Driver info: driver.version: FirefoxDriver">
      <![CDATA[org.openqa.selenium.WebDriverException: Failed to connect to binary FirefoxBinary(C:\Program Files\Mozilla Firefox\firefox.exe) on port 7055; process output follows: 
418203815510	addons.xpi	DEBUG	Skipping unavailable install location app-system-local
1418203815511	addons.xpi	DEBUG	Skipping unavailable install location app-system-share
1418203815516	addons.xpi	INFO	Mapping {82AF8DCA-6DE9-405D-BD5E-43525BDAD38A} to C:\Program Files\Mozilla Firefox\browser\extensions\{82AF8DCA-6DE9-405D-BD5E-43525BDAD38A}.xpi
1418203815518	addons.xpi	INFO	Mapping {972ce4c6-7e08-4474-a285-3208198ce6fd} to C:\Program Files\Mozilla Firefox\browser\extensions\{972ce4c6-7e08-4474-a285-3208198ce6fd}
1418203815520	addons.xpi	INFO	Mapping wcapturex@deskperience.com to C:\Program Files\WordWeb\WCaptureMoz
1418203815530	addons.xpi	INFO	Mapping fxdriver@googlecode.com to C:\Users\BNANDI~1\AppData\Local\Temp\anonymous964142854978380406webdriver-profile\extensions\fxdriver@googlecode.com
1418203815532	addons.xpi	DEBUG	Ignoring file entry whose name is not a valid add-on ID: C:\Users\BNANDI~1\AppData\Local\Temp\anonymous964142854978380406webdriver-profile\extensions\webdriver-staging
1418203815533	addons.xpi	DEBUG	checkForChanges
1418203815821	addons.xpi	DEBUG	No changes found
1418203815835	addons.xpi	DEBUG	Registering manifest for C:\Program Files\Mozilla Firefox\browser\extensions\{82AF8DCA-6DE9-405D-BD5E-43525BDAD38A}.xpi
1418203815839	addons.xpi	DEBUG	Loading bootstrap scope from C:\Program Files\Mozilla Firefox\browser\extensions\{82AF8DCA-6DE9-405D-BD5E-43525BDAD38A}.xpi
1418203815864	addons.xpi	DEBUG	Calling bootstrap method startup on {82AF8DCA-6DE9-405D-BD5E-43525BDAD38A} version 7.3.16540.9015
1418203815988	addons.manager	DEBUG	Registering shutdown blocker for XPIProvider
1418203815990	addons.manager	DEBUG	Registering shutdown blocker for LightweightThemeManager
1418203815993	addons.manager	DEBUG	Registering shutdown blocker for OpenH264Provider
1418203815994	addons.manager	DEBUG	Registering shutdown blocker for PluginProvider
*** Blocklist::_preloadBlocklistFile: blocklist is disabled
1418203820729	addons.manager	DEBUG	Registering shutdown blocker for <unnamed-provider>
console.error: skype_ff_extension: 
  DEPRECATED: The widget module is deprecated.  Please consider using the sdk/ui module instead.
Traceback (most recent call last):
  File "resource://gre/modules/commonjs/sdk/addon/runner.js", line 81, in startup/</<
    run(options);
  File "resource://gre/modules/commonjs/sdk/addon/runner.js", line 138, in run
    let program = main(options.loader, options.main);
  File "resource://gre/modules/commonjs/toolkit/loader.js", line 679, in main
    return loader.load(loader, module).exports;
  File "resource://gre/modules/commonjs/sdk/loader/cuddlefish.js", line 129, in CuddlefishLoader/options<.load
    result = load(loader, module);
  File "resource://gre/modules/commonjs/toolkit/loader.js", line 313, in load
    evaluate(sandbox, module.uri);
  File "resource://gre/modules/commonjs/toolkit/loader.js", line 262, in evaluate
    : loadSubScript(uri, sandbox, encoding);
  File "resource://skype_ff_extension-at-jetpack/skype_ff_extension/lib/main.js", line 14, in null
    var widgets = require("sdk/widget");
  File "resource://gre/modules/commonjs/toolkit/loader.js", line 586, in require
    freeze(load(loader, module));
  File "resource://gre/modules/commonjs/sdk/loader/cuddlefish.js", line 129, in CuddlefishLoader/options<.load
    result = load(loader, module);
  File "resource://gre/modules/commonjs/toolkit/loader.js", line 313, in load
    evaluate(sandbox, module.uri);
  File "resource://gre/modules/commonjs/toolkit/loader.js", line 262, in evaluate
    : loadSubScript(uri, sandbox, encoding);
  File "resource://gre/modules/commonjs/sdk/widget.js", line 59, in null
    require("./util/deprecate").deprecateUsage(
  File "resource://gre/modules/commonjs/sdk/util/deprecate.js", line 18, in deprecateUsage
    let stack = get().slice(2);
JavaScript error: resource://skype_ff_extension-at-jetpack/skype_ff_extension/data/c2c_options_menu_localization.js, line 189: document.getElementById(...) is null
*** Blocklist::_loadBlocklistFromFile: blocklist is disabled

Build info: version: '2.35.0', revision: '8df0c6b', time: '2013-08-12 15:43:19'
System info: os.name: 'Windows 7', os.arch: 'x86', os.version: '6.1', java.version: '1.6.0_45'
Driver info: driver.version: FirefoxDriver
	at org.openqa.selenium.firefox.internal.NewProfileExtensionConnection.start(NewProfileExtensionConnection.java:118)
	at org.openqa.selenium.firefox.FirefoxDriver.startClient(FirefoxDriver.java:251)
	at org.openqa.selenium.remote.RemoteWebDriver.<init>(RemoteWebDriver.java:110)
	at org.openqa.selenium.firefox.FirefoxDriver.<init>(FirefoxDriver.java:197)
	at org.openqa.selenium.firefox.FirefoxDriver.<init>(FirefoxDriver.java:190)
	at org.openqa.selenium.firefox.FirefoxDriver.<init>(FirefoxDriver.java:186)
	at org.openqa.selenium.firefox.FirefoxDriver.<init>(FirefoxDriver.java:99)
	at testngpackage.TestNGFile.setUrl(TestNGFile.java:15)
	at sun.reflect.NativeMethodAccessorImpl.invoke0(Native Method)
	at sun.reflect.NativeMethodAccessorImpl.invoke(Unknown Source)
	at sun.reflect.DelegatingMethodAccessorImpl.invoke(Unknown Source)
	at java.lang.reflect.Method.invoke(Unknown Source)
	at org.testng.internal.MethodInvocationHelper.invokeMethod(MethodInvocationHelper.java:84)
	at org.testng.internal.Invoker.invokeConfigurationMethod(Invoker.java:564)
	at org.testng.internal.Invoker.invokeConfigurations(Invoker.java:213)
	at org.testng.internal.Invoker.invokeConfigurations(Invoker.java:138)
	at org.testng.TestRunner.beforeRun(TestRunner.java:641)
	at org.testng.TestRunner.run(TestRunner.java:609)
	at org.testng.SuiteRunner.runTest(SuiteRunner.java:334)
	at org.testng.SuiteRunner.runSequentially(SuiteRunner.java:329)
	at org.testng.SuiteRunner.privateRun(SuiteRunner.java:291)
	at org.testng.SuiteRunner.run(SuiteRunner.java:240)
	at org.testng.SuiteRunnerWorker.runSuite(SuiteRunnerWorker.java:52)
	at org.testng.SuiteRunnerWorker.run(SuiteRunnerWorker.java:86)
	at org.testng.TestNG.runSuitesSequentially(TestNG.java:1224)
	at org.testng.TestNG.runSuitesLocally(TestNG.java:1149)
	at org.testng.TestNG.run(TestNG.java:1057)
	at org.testng.remote.RemoteTestNG.run(RemoteTestNG.java:111)
	at org.testng.remote.RemoteTestNG.initAndRun(RemoteTestNG.java:204)
	at org.testng.remote.RemoteTestNG.main(RemoteTestNG.java:175)
Caused by: org.openqa.selenium.firefox.NotConnectedException: Unable to connect to host 127.0.0.1 on port 7055 after 45000 ms. Firefox console output:
418203815510	addons.xpi	DEBUG	Skipping unavailable install location app-system-local
1418203815511	addons.xpi	DEBUG	Skipping unavailable install location app-system-share
1418203815516	addons.xpi	INFO	Mapping {82AF8DCA-6DE9-405D-BD5E-43525BDAD38A} to C:\Program Files\Mozilla Firefox\browser\extensions\{82AF8DCA-6DE9-405D-BD5E-43525BDAD38A}.xpi
1418203815518	addons.xpi	INFO	Mapping {972ce4c6-7e08-4474-a285-3208198ce6fd} to C:\Program Files\Mozilla Firefox\browser\extensions\{972ce4c6-7e08-4474-a285-3208198ce6fd}
1418203815520	addons.xpi	INFO	Mapping wcapturex@deskperience.com to C:\Program Files\WordWeb\WCaptureMoz
1418203815530	addons.xpi	INFO	Mapping fxdriver@googlecode.com to C:\Users\BNANDI~1\AppData\Local\Temp\anonymous964142854978380406webdriver-profile\extensions\fxdriver@googlecode.com
1418203815532	addons.xpi	DEBUG	Ignoring file entry whose name is not a valid add-on ID: C:\Users\BNANDI~1\AppData\Local\Temp\anonymous964142854978380406webdriver-profile\extensions\webdriver-staging
1418203815533	addons.xpi	DEBUG	checkForChanges
1418203815821	addons.xpi	DEBUG	No changes found
1418203815835	addons.xpi	DEBUG	Registering manifest for C:\Program Files\Mozilla Firefox\browser\extensions\{82AF8DCA-6DE9-405D-BD5E-43525BDAD38A}.xpi
1418203815839	addons.xpi	DEBUG	Loading bootstrap scope from C:\Program Files\Mozilla Firefox\browser\extensions\{82AF8DCA-6DE9-405D-BD5E-43525BDAD38A}.xpi
1418203815864	addons.xpi	DEBUG	Calling bootstrap method startup on {82AF8DCA-6DE9-405D-BD5E-43525BDAD38A} version 7.3.16540.9015
1418203815988	addons.manager	DEBUG	Registering shutdown blocker for XPIProvider
1418203815990	addons.manager	DEBUG	Registering shutdown blocker for LightweightThemeManager
1418203815993	addons.manager	DEBUG	Registering shutdown blocker for OpenH264Provider
1418203815994	addons.manager	DEBUG	Registering shutdown blocker for PluginProvider
*** Blocklist::_preloadBlocklistFile: blocklist is disabled
1418203820729	addons.manager	DEBUG	Registering shutdown blocker for <unnamed-provider>
console.error: skype_ff_extension: 
  DEPRECATED: The widget module is deprecated.  Please consider using the sdk/ui module instead.
Traceback (most recent call last):
  File "resource://gre/modules/commonjs/sdk/addon/runner.js", line 81, in startup/</<
    run(options);
  File "resource://gre/modules/commonjs/sdk/addon/runner.js", line 138, in run
    let program = main(options.loader, options.main);
  File "resource://gre/modules/commonjs/toolkit/loader.js", line 679, in main
    return loader.load(loader, module).exports;
  File "resource://gre/modules/commonjs/sdk/loader/cuddlefish.js", line 129, in CuddlefishLoader/options<.load
    result = load(loader, module);
  File "resource://gre/modules/commonjs/toolkit/loader.js", line 313, in load
    evaluate(sandbox, module.uri);
  File "resource://gre/modules/commonjs/toolkit/loader.js", line 262, in evaluate
    : loadSubScript(uri, sandbox, encoding);
  File "resource://skype_ff_extension-at-jetpack/skype_ff_extension/lib/main.js", line 14, in null
    var widgets = require("sdk/widget");
  File "resource://gre/modules/commonjs/toolkit/loader.js", line 586, in require
    freeze(load(loader, module));
  File "resource://gre/modules/commonjs/sdk/loader/cuddlefish.js", line 129, in CuddlefishLoader/options<.load
    result = load(loader, module);
  File "resource://gre/modules/commonjs/toolkit/loader.js", line 313, in load
    evaluate(sandbox, module.uri);
  File "resource://gre/modules/commonjs/toolkit/loader.js", line 262, in evaluate
    : loadSubScript(uri, sandbox, encoding);
  File "resource://gre/modules/commonjs/sdk/widget.js", line 59, in null
    require("./util/deprecate").deprecateUsage(
  File "resource://gre/modules/commonjs/sdk/util/deprecate.js", line 18, in deprecateUsage
    let stack = get().slice(2);
JavaScript error: resource://skype_ff_extension-at-jetpack/skype_ff_extension/data/c2c_options_menu_localization.js, line 189: document.getElementById(...) is null
*** Blocklist::_loadBlocklistFromFile: blocklist is disabled

	at org.openqa.selenium.firefox.internal.NewProfileExtensionConnection.start(NewProfileExtensionConnection.java:106)
	... 29 more
]]>
    </failure>
  </testcase> <!-- @BeforeTest setUrl -->
  <testcase name="@AfterTest endSession" time="0.0" classname="testngpackage.TestNGFile">
    <skipped/>
  </testcase> <!-- @AfterTest endSession -->
  <testcase name="VerifyFBPage" time="0.0020" classname="testngpackage.TestNGFile">
    <skipped/>
  </testcase> <!-- VerifyFBPage -->
</testsuite> <!-- Default test -->
